<?xml version="1.0" encoding="UTF-8"?>
<!-- Generated by org.testng.reporters.JUnitReportReporter -->
<testsuite hostname="LHRLT-10570" failures="0" tests="1" name="Runner.TestRunner" time="61.176" errors="1" timestamp="2023-06-13T13:37:19 PKT" skipped="0">
  <testcase classname="Runner.TestRunner" name="runScenario" time="61.176">
    <error message="Unable to find element with locator By.xpath: //*[@id=&#039;cart&#039;]/div[2]/div[2]/a[2]
For documentation on this error, please visit: https://selenium.dev/exceptions/#no_such_element
Build info: version: &#039;4.4.0&#039;, revision: &#039;e5c75ed026a&#039;
System info: host: &#039;LHRLT-10570&#039;, ip: &#039;10.100.202.251&#039;, os.name: &#039;Windows 10&#039;, os.arch: &#039;amd64&#039;, os.version: &#039;10.0&#039;, java.version: &#039;17.0.4.1&#039;
Driver info: driver.version: RemoteWebDriver" type="org.openqa.selenium.NoSuchElementException">
      <![CDATA[org.openqa.selenium.NoSuchElementException: Unable to find element with locator By.xpath: //*[@id='cart']/div[2]/div[2]/a[2]
For documentation on this error, please visit: https://selenium.dev/exceptions/#no_such_element
Build info: version: '4.4.0', revision: 'e5c75ed026a'
System info: host: 'LHRLT-10570', ip: '10.100.202.251', os.name: 'Windows 10', os.arch: 'amd64', os.version: '10.0', java.version: '17.0.4.1'
Driver info: driver.version: RemoteWebDriver
at org.openqa.selenium.remote.ElementLocation$ElementFinder$2.findElement(ElementLocation.java:165)
at org.openqa.selenium.remote.ElementLocation.findElement(ElementLocation.java:60)
at org.openqa.selenium.remote.RemoteWebDriver.findElement(RemoteWebDriver.java:365)
at org.openqa.selenium.remote.RemoteWebDriver.findElement(RemoteWebDriver.java:357)
at Pages.LoginPage.GuestCheckout(LoginPage.java:162)
at StepDefinition.LoginStepDefinition.GuestCheckout(LoginStepDefinition.java:95)
at âœ½.User clicks on Guest Checkout button(file:///C:/Users/taimur.hassan/eclipse-workspace/OnlyStore/src/test/resources/Features/Login.feature:24)
]]>
    </error>
  </testcase> <!-- runScenario -->
  <system-out/>
</testsuite> <!-- Runner.TestRunner -->
